2026-01-16 00:49:09,893 [INFO] startup: OS: Windows-11-10.0.26200-SP0
2026-01-16 00:49:09,894 [INFO] startup: Python: 3.13.1 (tags/v3.13.1:0671451, Dec  3 2024, 19:06:28) [MSC v.1942 64 bit (AMD64)]
2026-01-16 00:49:09,939 [INFO] main: Application starting
2026-01-16 00:49:09,940 [INFO] config: Loading profile: default
2026-01-16 00:49:09,941 [DEBUG] config: Profile written: default.json
2026-01-16 00:49:09,996 [INFO] hotkeys: Hotkeys started
2026-01-16 00:49:10,597 [INFO] main: UI shown
2026-01-16 00:49:24,500 [INFO] gui: Starting point picker
2026-01-16 00:49:24,501 [INFO] picker: Point picker started
2026-01-16 00:49:25,710 [INFO] picker: Point picked at (1391, 533)
2026-01-16 00:49:25,713 [INFO] gui: Point picker finished
2026-01-16 00:49:27,393 [INFO] gui: Starting point picker
2026-01-16 00:49:27,393 [INFO] picker: Point picker started
2026-01-16 00:49:28,061 [INFO] picker: Point picked at (1450, 531)
2026-01-16 00:49:28,062 [INFO] gui: Point picker finished
2026-01-16 00:49:28,993 [INFO] gui: Starting point picker
2026-01-16 00:49:28,994 [INFO] picker: Point picker started
2026-01-16 00:49:29,852 [INFO] picker: Point picked at (1519, 547)
2026-01-16 00:49:29,853 [INFO] gui: Point picker finished
2026-01-16 00:49:31,046 [INFO] gui: Starting point picker
2026-01-16 00:49:31,047 [INFO] picker: Point picker started
2026-01-16 00:49:31,987 [INFO] picker: Point picked at (1582, 553)
2026-01-16 00:49:31,988 [INFO] gui: Point picker finished
2026-01-16 00:49:33,270 [INFO] gui: Starting point picker
2026-01-16 00:49:33,270 [INFO] picker: Point picker started
2026-01-16 00:49:34,938 [INFO] picker: Point picked at (1622, 552)
2026-01-16 00:49:34,939 [INFO] gui: Point picker finished
2026-01-16 00:49:35,932 [INFO] gui: Starting point picker
2026-01-16 00:49:35,933 [INFO] picker: Point picker started
2026-01-16 00:49:37,177 [INFO] picker: Point picked at (1607, 524)
2026-01-16 00:49:37,185 [INFO] gui: Point picker finished
2026-01-16 00:49:38,281 [INFO] gui: Starting point picker
2026-01-16 00:49:38,282 [INFO] picker: Point picker started
2026-01-16 00:49:39,528 [INFO] picker: Point picked at (1525, 514)
2026-01-16 00:49:39,528 [INFO] gui: Point picker finished
2026-01-16 00:49:40,417 [INFO] gui: Starting point picker
2026-01-16 00:49:40,418 [INFO] picker: Point picker started
2026-01-16 00:49:41,207 [INFO] picker: Point picked at (1455, 508)
2026-01-16 00:49:41,214 [INFO] gui: Point picker finished
2026-01-16 00:49:42,235 [INFO] gui: Starting point picker
2026-01-16 00:49:42,236 [INFO] picker: Point picker started
2026-01-16 00:49:43,247 [INFO] picker: Point picked at (1391, 495)
2026-01-16 00:49:43,253 [INFO] gui: Point picker finished
2026-01-16 00:49:44,152 [INFO] gui: Starting point picker
2026-01-16 00:49:44,154 [INFO] picker: Point picker started
2026-01-16 00:49:44,893 [INFO] picker: Point picked at (1361, 503)
2026-01-16 00:49:44,893 [INFO] gui: Point picker finished
2026-01-16 00:49:46,063 [INFO] gui: Starting point picker
2026-01-16 00:49:46,063 [INFO] picker: Point picker started
2026-01-16 00:49:47,236 [INFO] picker: Point picked at (1325, 475)
2026-01-16 00:49:47,244 [INFO] gui: Point picker finished
2026-01-16 00:49:48,166 [INFO] gui: Starting point picker
2026-01-16 00:49:48,166 [INFO] picker: Point picker started
2026-01-16 00:49:48,876 [INFO] picker: Point picked at (1366, 988)
2026-01-16 00:49:48,876 [INFO] gui: Point picker finished
2026-01-16 00:49:49,964 [INFO] gui: Starting point picker
2026-01-16 00:49:49,964 [INFO] picker: Point picker started
2026-01-16 00:49:50,931 [INFO] picker: Point picked at (1428, 438)
2026-01-16 00:49:50,932 [INFO] gui: Point picker finished
2026-01-16 00:49:52,291 [INFO] gui: Starting point picker
2026-01-16 00:49:52,291 [INFO] picker: Point picker started
2026-01-16 00:49:53,083 [INFO] picker: Point picked at (1500, 445)
2026-01-16 00:49:53,090 [INFO] gui: Point picker finished
2026-01-16 00:49:54,259 [INFO] gui: Starting point picker
2026-01-16 00:49:54,259 [INFO] picker: Point picker started
2026-01-16 00:49:55,073 [INFO] picker: Point picked at (1565, 469)
2026-01-16 00:49:55,074 [INFO] gui: Point picker finished
2026-01-16 00:49:56,041 [INFO] gui: Starting point picker
2026-01-16 00:49:56,041 [INFO] picker: Point picker started
2026-01-16 00:49:57,416 [INFO] picker: Point picked at (1599, 479)
2026-01-16 00:49:57,418 [INFO] gui: Point picker finished
2026-01-16 00:49:58,425 [INFO] gui: Starting point picker
2026-01-16 00:49:58,425 [INFO] picker: Point picker started
2026-01-16 00:49:59,471 [INFO] picker: Point picked at (1645, 463)
2026-01-16 00:49:59,472 [INFO] gui: Point picker finished
2026-01-16 00:50:00,416 [INFO] gui: Starting point picker
2026-01-16 00:50:00,417 [INFO] picker: Point picker started
2026-01-16 00:50:01,390 [INFO] picker: Point picked at (1632, 423)
2026-01-16 00:50:01,398 [INFO] gui: Point picker finished
2026-01-16 00:50:02,304 [INFO] gui: Starting point picker
2026-01-16 00:50:02,305 [INFO] picker: Point picker started
2026-01-16 00:50:03,094 [INFO] picker: Point picked at (1547, 436)
2026-01-16 00:50:03,095 [INFO] gui: Point picker finished
2026-01-16 00:50:04,022 [INFO] gui: Starting point picker
2026-01-16 00:50:04,022 [INFO] picker: Point picker started
2026-01-16 00:50:05,180 [INFO] picker: Point picked at (1484, 431)
2026-01-16 00:50:05,181 [INFO] gui: Point picker finished
2026-01-16 00:50:06,806 [INFO] gui: Starting point picker
2026-01-16 00:50:06,807 [INFO] picker: Point picker started
2026-01-16 00:50:07,603 [INFO] picker: Point picked at (1442, 441)
2026-01-16 00:50:07,605 [INFO] gui: Point picker finished
2026-01-16 00:50:08,684 [INFO] gui: Starting point picker
2026-01-16 00:50:08,685 [INFO] picker: Point picker started
2026-01-16 00:50:09,482 [INFO] picker: Point picked at (1397, 423)
2026-01-16 00:50:09,482 [INFO] gui: Point picker finished
2026-01-16 00:50:10,406 [INFO] gui: Starting point picker
2026-01-16 00:50:10,407 [INFO] picker: Point picker started
2026-01-16 00:50:11,290 [INFO] picker: Point picked at (1357, 423)
2026-01-16 00:50:11,291 [INFO] gui: Point picker finished
2026-01-16 00:50:12,137 [INFO] gui: Starting point picker
2026-01-16 00:50:12,138 [INFO] picker: Point picker started
2026-01-16 00:50:12,968 [INFO] picker: Point picked at (1315, 430)
2026-01-16 00:50:12,969 [INFO] gui: Point picker finished
2026-01-16 00:50:13,977 [INFO] gui: Starting point picker
2026-01-16 00:50:13,977 [INFO] picker: Point picker started
2026-01-16 00:50:14,816 [INFO] picker: Point picked at (1357, 377)
2026-01-16 00:50:14,816 [INFO] gui: Point picker finished
2026-01-16 00:50:15,750 [INFO] gui: Starting point picker
2026-01-16 00:50:15,751 [INFO] picker: Point picker started
2026-01-16 00:50:16,385 [INFO] picker: Point picked at (1417, 384)
2026-01-16 00:50:16,385 [INFO] gui: Point picker finished
2026-01-16 00:50:17,385 [INFO] gui: Starting point picker
2026-01-16 00:50:17,385 [INFO] picker: Point picker started
2026-01-16 00:50:18,654 [INFO] picker: Point picked at (1450, 366)
2026-01-16 00:50:18,654 [INFO] gui: Point picker finished
2026-01-16 00:50:19,680 [INFO] gui: Starting point picker
2026-01-16 00:50:19,680 [INFO] picker: Point picker started
2026-01-16 00:50:20,685 [INFO] picker: Point picked at (1498, 388)
2026-01-16 00:50:20,692 [INFO] gui: Point picker finished
2026-01-16 00:50:21,503 [INFO] gui: Starting point picker
2026-01-16 00:50:21,503 [INFO] picker: Point picker started
2026-01-16 00:50:22,645 [INFO] picker: Point picked at (1538, 389)
2026-01-16 00:50:22,646 [INFO] gui: Point picker finished
2026-01-16 00:50:23,607 [INFO] gui: Starting point picker
2026-01-16 00:50:23,608 [INFO] picker: Point picker started
2026-01-16 00:50:24,276 [INFO] picker: Point picked at (1567, 411)
2026-01-16 00:50:24,277 [INFO] gui: Point picker finished
2026-01-16 00:50:25,098 [INFO] gui: Starting point picker
2026-01-16 00:50:25,099 [INFO] picker: Point picker started
2026-01-16 00:50:26,102 [INFO] picker: Point picked at (1616, 402)
2026-01-16 00:50:26,103 [INFO] gui: Point picker finished
2026-01-16 00:50:26,998 [INFO] gui: Starting point picker
2026-01-16 00:50:26,999 [INFO] picker: Point picker started
2026-01-16 00:50:27,962 [INFO] picker: Point picked at (1594, 369)
2026-01-16 00:50:27,964 [INFO] gui: Point picker finished
2026-01-16 00:50:28,931 [INFO] gui: Starting point picker
2026-01-16 00:50:28,931 [INFO] picker: Point picker started
2026-01-16 00:50:29,809 [INFO] picker: Point picked at (1502, 365)
2026-01-16 00:50:29,810 [INFO] gui: Point picker finished
2026-01-16 00:50:30,615 [INFO] gui: Starting point picker
2026-01-16 00:50:30,616 [INFO] picker: Point picker started
2026-01-16 00:50:31,153 [INFO] picker: Point picked at (1436, 375)
2026-01-16 00:50:31,154 [INFO] gui: Point picker finished
2026-01-16 00:50:31,968 [INFO] gui: Starting point picker
2026-01-16 00:50:31,969 [INFO] picker: Point picker started
2026-01-16 00:50:32,696 [INFO] picker: Point picked at (1415, 370)
2026-01-16 00:50:32,700 [INFO] gui: Point picker finished
2026-01-16 00:50:33,936 [INFO] gui: Starting point picker
2026-01-16 00:50:33,937 [INFO] picker: Point picker started
2026-01-16 00:50:34,687 [INFO] picker: Point picked at (1482, 334)
2026-01-16 00:50:34,687 [INFO] gui: Point picker finished
2026-01-16 00:50:38,471 [DEBUG] controller: Toggle requested
2026-01-16 00:50:38,471 [INFO] engine: Engine thread starting
2026-01-16 00:50:38,471 [INFO] controller: Engine started
2026-01-16 01:06:59,082 [WARNING] controller: Kill switch triggered
2026-01-16 01:06:59,082 [INFO] hotkeys: Hotkeys stopped
2026-01-16 01:06:59,082 [INFO] engine: Stopping engine
2026-01-16 01:11:37,079 [INFO] startup: OS: Windows-11-10.0.26200-SP0
2026-01-16 01:11:37,079 [INFO] startup: Python: 3.13.1 (tags/v3.13.1:0671451, Dec  3 2024, 19:06:28) [MSC v.1942 64 bit (AMD64)]
2026-01-16 01:11:37,123 [INFO] main: Application starting
2026-01-16 01:11:37,123 [INFO] config: Loading profile: default
2026-01-16 01:11:37,140 [DEBUG] config: Profile written: default.json
2026-01-16 01:11:37,331 [INFO] hotkeys: Hotkeys started
2026-01-16 01:11:37,690 [INFO] main: UI shown
2026-01-16 01:12:46,542 [INFO] gui: Starting point picker
2026-01-16 01:12:46,542 [INFO] picker: Point picker started
2026-01-16 01:12:47,763 [INFO] picker: Point picked at (1550, 539)
2026-01-16 01:12:47,769 [INFO] gui: Point picker finished
2026-01-16 01:12:48,613 [INFO] gui: Starting point picker
2026-01-16 01:12:48,613 [INFO] picker: Point picker started
2026-01-16 01:12:49,219 [INFO] picker: Point picked at (1619, 536)
2026-01-16 01:12:49,219 [INFO] gui: Point picker finished
2026-01-16 01:12:50,275 [INFO] gui: Starting point picker
2026-01-16 01:12:50,276 [INFO] picker: Point picker started
2026-01-16 01:12:50,722 [INFO] picker: Point picked at (1488, 553)
2026-01-16 01:12:50,722 [INFO] gui: Point picker finished
2026-01-16 01:12:51,533 [INFO] gui: Starting point picker
2026-01-16 01:12:51,534 [INFO] picker: Point picker started
2026-01-16 01:12:52,113 [INFO] picker: Point picked at (1477, 480)
2026-01-16 01:12:52,114 [INFO] gui: Point picker finished
2026-01-16 01:12:54,617 [INFO] gui: Starting point picker
2026-01-16 01:12:54,617 [INFO] picker: Point picker started
2026-01-16 01:12:55,112 [INFO] picker: Point picked at (1639, 496)
2026-01-16 01:12:55,113 [INFO] gui: Point picker finished
2026-01-16 01:12:56,033 [INFO] gui: Starting point picker
2026-01-16 01:12:56,033 [INFO] picker: Point picker started
2026-01-16 01:12:56,815 [INFO] picker: Point picked at (1461, 491)
2026-01-16 01:12:56,818 [INFO] gui: Point picker finished
2026-01-16 01:12:57,705 [INFO] gui: Starting point picker
2026-01-16 01:12:57,706 [INFO] picker: Point picker started
2026-01-16 01:12:58,391 [INFO] picker: Point picked at (1426, 550)
2026-01-16 01:12:58,391 [INFO] gui: Point picker finished
2026-01-16 01:12:59,192 [INFO] gui: Starting point picker
2026-01-16 01:12:59,193 [INFO] picker: Point picker started
2026-01-16 01:12:59,894 [INFO] picker: Point picked at (1685, 568)
2026-01-16 01:12:59,894 [INFO] gui: Point picker finished
2026-01-16 01:13:00,855 [INFO] gui: Starting point picker
2026-01-16 01:13:00,855 [INFO] picker: Point picker started
2026-01-16 01:13:01,645 [INFO] picker: Point picked at (1726, 516)
2026-01-16 01:13:01,651 [INFO] gui: Point picker finished
2026-01-16 01:13:02,599 [INFO] gui: Starting point picker
2026-01-16 01:13:02,600 [INFO] picker: Point picker started
2026-01-16 01:13:03,164 [INFO] picker: Point picked at (1408, 501)
2026-01-16 01:13:03,165 [INFO] gui: Point picker finished
2026-01-16 01:13:03,998 [INFO] gui: Starting point picker
2026-01-16 01:13:03,998 [INFO] picker: Point picker started
2026-01-16 01:13:04,796 [INFO] picker: Point picked at (1403, 443)
2026-01-16 01:13:04,797 [INFO] gui: Point picker finished
2026-01-16 01:13:05,756 [INFO] gui: Starting point picker
2026-01-16 01:13:05,756 [INFO] picker: Point picker started
2026-01-16 01:13:06,835 [INFO] picker: Point picked at (1469, 427)
2026-01-16 01:13:06,836 [INFO] gui: Point picker finished
2026-01-16 01:13:07,829 [INFO] gui: Starting point picker
2026-01-16 01:13:07,830 [INFO] picker: Point picker started
2026-01-16 01:13:08,668 [INFO] picker: Point picked at (1534, 427)
2026-01-16 01:13:08,669 [INFO] gui: Point picker finished
2026-01-16 01:13:09,493 [INFO] gui: Starting point picker
2026-01-16 01:13:09,493 [INFO] picker: Point picker started
2026-01-16 01:13:10,313 [INFO] picker: Point picked at (1589, 422)
2026-01-16 01:13:10,322 [INFO] gui: Point picker finished
2026-01-16 01:13:11,251 [INFO] gui: Starting point picker
2026-01-16 01:13:11,252 [INFO] picker: Point picker started
2026-01-16 01:13:11,969 [INFO] picker: Point picked at (1636, 440)
2026-01-16 01:13:11,980 [INFO] gui: Point picker finished
2026-01-16 01:13:12,854 [INFO] gui: Starting point picker
2026-01-16 01:13:12,855 [INFO] picker: Point picker started
2026-01-16 01:13:13,488 [INFO] picker: Point picked at (1511, 1045)
2026-01-16 01:13:13,489 [INFO] gui: Point picker finished
2026-01-16 01:13:14,625 [INFO] gui: Starting point picker
2026-01-16 01:13:14,626 [INFO] picker: Point picker started
2026-01-16 01:13:15,376 [INFO] picker: Point picked at (1517, 1021)
2026-01-16 01:13:15,377 [INFO] gui: Point picker finished
2026-01-16 01:13:16,688 [INFO] gui: Starting point picker
2026-01-16 01:13:16,689 [INFO] picker: Point picker started
2026-01-16 01:13:17,582 [INFO] picker: Point picked at (1696, 412)
2026-01-16 01:13:17,583 [INFO] gui: Point picker finished
2026-01-16 01:13:18,648 [INFO] gui: Starting point picker
2026-01-16 01:13:18,649 [INFO] picker: Point picker started
2026-01-16 01:13:19,397 [INFO] picker: Point picked at (1671, 380)
2026-01-16 01:13:19,405 [INFO] gui: Point picker finished
2026-01-16 01:13:20,561 [INFO] gui: Starting point picker
2026-01-16 01:13:20,561 [INFO] picker: Point picker started
2026-01-16 01:13:21,405 [INFO] picker: Point picked at (1558, 361)
2026-01-16 01:13:21,406 [INFO] gui: Point picker finished
2026-01-16 01:13:22,294 [INFO] gui: Starting point picker
2026-01-16 01:13:22,295 [INFO] picker: Point picker started
2026-01-16 01:13:23,092 [INFO] picker: Point picked at (1476, 376)
2026-01-16 01:13:23,102 [INFO] gui: Point picker finished
2026-01-16 01:13:23,924 [INFO] gui: Starting point picker
2026-01-16 01:13:23,925 [INFO] picker: Point picker started
2026-01-16 01:13:24,827 [INFO] picker: Point picked at (1570, 337)
2026-01-16 01:13:24,828 [INFO] gui: Point picker finished
2026-01-16 01:13:25,851 [INFO] gui: Starting point picker
2026-01-16 01:13:25,851 [INFO] picker: Point picker started
2026-01-16 01:13:26,882 [INFO] picker: Point picked at (1405, 368)
2026-01-16 01:13:26,883 [INFO] gui: Point picker finished
2026-01-16 01:13:27,911 [INFO] gui: Starting point picker
2026-01-16 01:13:27,912 [INFO] picker: Point picker started
2026-01-16 01:13:28,802 [INFO] picker: Point picked at (1698, 387)
2026-01-16 01:13:28,802 [INFO] gui: Point picker finished
2026-01-16 01:13:37,286 [INFO] gui: Starting point picker
2026-01-16 01:13:37,286 [INFO] picker: Point picker started
2026-01-16 01:13:38,429 [INFO] picker: Point picked at (1685, 382)
2026-01-16 01:13:38,429 [INFO] gui: Point picker finished
2026-01-16 01:13:39,765 [INFO] gui: Starting point picker
2026-01-16 01:13:39,766 [INFO] picker: Point picker started
2026-01-16 01:13:40,844 [INFO] picker: Point picked at (1451, 385)
2026-01-16 01:13:40,845 [INFO] gui: Point picker finished
2026-01-16 01:13:44,099 [DEBUG] controller: Toggle requested
2026-01-16 01:13:44,100 [INFO] engine: Engine thread starting
2026-01-16 01:13:44,100 [INFO] controller: Engine started
2026-01-16 01:14:10,870 [DEBUG] controller: Toggle requested
2026-01-16 01:14:10,870 [INFO] engine: Stopping engine
2026-01-16 01:14:10,871 [INFO] controller: Engine stopped
2026-01-16 01:14:26,194 [DEBUG] controller: Toggle requested
2026-01-16 01:14:26,194 [INFO] engine: Engine thread starting
2026-01-16 01:14:26,195 [INFO] controller: Engine started
2026-01-16 01:14:56,006 [DEBUG] controller: Toggle requested
2026-01-16 01:14:56,006 [INFO] engine: Stopping engine
2026-01-16 01:14:56,008 [INFO] controller: Engine stopped
2026-01-16 01:15:01,882 [INFO] config: Saving profile: default
2026-01-16 01:15:01,884 [DEBUG] config: Profile written: default.json
2026-01-16 01:15:10,940 [DEBUG] controller: Toggle requested
2026-01-16 01:15:10,940 [INFO] engine: Engine thread starting
2026-01-16 01:15:10,941 [INFO] controller: Engine started
2026-01-16 01:15:13,724 [DEBUG] controller: Toggle requested
2026-01-16 01:15:13,724 [INFO] engine: Stopping engine
2026-01-16 01:15:13,725 [INFO] controller: Engine stopped
2026-01-16 01:15:19,578 [INFO] config: Saving profile: default
2026-01-16 01:15:19,581 [DEBUG] config: Profile written: default.json
2026-01-16 01:15:24,496 [DEBUG] controller: Toggle requested
2026-01-16 01:15:24,497 [INFO] engine: Engine thread starting
2026-01-16 01:15:24,497 [INFO] controller: Engine started
2026-01-16 07:54:35,763 [DEBUG] controller: Toggle requested
2026-01-16 07:54:35,765 [INFO] engine: Stopping engine
2026-01-16 07:54:35,768 [INFO] controller: Engine stopped
2026-01-16 07:55:29,939 [INFO] config: Saving profile: default
2026-01-16 07:55:29,943 [DEBUG] config: Profile written: default.json
2026-01-16 07:55:36,724 [INFO] config: Saving profile: main
2026-01-16 07:55:36,726 [DEBUG] config: Profile written: main.json
2026-01-16 07:55:41,972 [DEBUG] controller: Toggle requested
2026-01-16 07:55:41,972 [INFO] engine: Engine thread starting
2026-01-16 07:55:41,973 [INFO] controller: Engine started
2026-01-16 07:55:57,619 [DEBUG] controller: Toggle requested
2026-01-16 07:55:57,619 [INFO] engine: Stopping engine
2026-01-16 07:55:57,620 [INFO] controller: Engine stopped
2026-01-16 07:56:30,572 [DEBUG] controller: Toggle requested
2026-01-16 07:56:30,573 [INFO] engine: Engine thread starting
2026-01-16 07:56:30,574 [INFO] controller: Engine started
2026-01-16 07:56:34,571 [DEBUG] controller: Toggle requested
2026-01-16 07:56:34,572 [INFO] engine: Stopping engine
2026-01-16 07:56:34,573 [INFO] controller: Engine stopped
2026-01-16 07:56:42,541 [DEBUG] controller: Toggle requested
2026-01-16 07:56:42,543 [INFO] engine: Engine thread starting
2026-01-16 07:56:42,546 [INFO] controller: Engine started
2026-01-16 08:00:30,413 [DEBUG] controller: Toggle requested
2026-01-16 08:00:30,414 [INFO] engine: Stopping engine
2026-01-16 08:00:30,417 [INFO] controller: Engine stopped
2026-01-16 08:00:37,846 [DEBUG] controller: Toggle requested
2026-01-16 08:00:37,846 [INFO] engine: Engine thread starting
2026-01-16 08:00:37,847 [INFO] controller: Engine started
2026-01-16 08:25:18,638 [DEBUG] controller: Toggle requested
2026-01-16 08:25:18,638 [INFO] engine: Stopping engine
2026-01-16 08:25:18,639 [INFO] controller: Engine stopped
2026-01-16 08:25:27,932 [DEBUG] controller: Toggle requested
2026-01-16 08:25:27,933 [INFO] engine: Engine thread starting
2026-01-16 08:25:27,935 [INFO] controller: Engine started
2026-01-16 08:25:41,253 [DEBUG] controller: Toggle requested
2026-01-16 08:25:41,254 [INFO] engine: Stopping engine
2026-01-16 08:25:41,255 [INFO] controller: Engine stopped
2026-01-16 08:25:43,574 [DEBUG] controller: Toggle requested
2026-01-16 08:25:43,575 [INFO] engine: Engine thread starting
2026-01-16 08:25:43,576 [INFO] controller: Engine started
2026-01-16 08:25:50,146 [DEBUG] controller: Toggle requested
2026-01-16 08:25:50,146 [INFO] engine: Stopping engine
2026-01-16 08:25:50,147 [INFO] controller: Engine stopped
2026-01-16 08:25:56,501 [DEBUG] controller: Toggle requested
2026-01-16 08:25:56,502 [INFO] engine: Engine thread starting
2026-01-16 08:25:56,503 [INFO] controller: Engine started
2026-01-16 08:25:57,046 [DEBUG] controller: Toggle requested
2026-01-16 08:25:57,046 [INFO] engine: Stopping engine
2026-01-16 08:25:57,048 [INFO] controller: Engine stopped
2026-01-16 08:25:59,859 [DEBUG] controller: Toggle requested
2026-01-16 08:25:59,860 [INFO] engine: Engine thread starting
2026-01-16 08:25:59,862 [INFO] controller: Engine started
2026-01-16 08:50:45,767 [DEBUG] controller: Toggle requested
2026-01-16 08:50:45,767 [INFO] engine: Stopping engine
2026-01-16 08:50:45,775 [INFO] controller: Engine stopped
2026-01-16 08:51:07,272 [DEBUG] controller: Toggle requested
2026-01-16 08:51:07,272 [INFO] engine: Engine thread starting
2026-01-16 08:51:07,274 [INFO] controller: Engine started
2026-01-16 08:53:11,086 [DEBUG] controller: Toggle requested
2026-01-16 08:53:11,086 [INFO] engine: Stopping engine
2026-01-16 08:53:11,087 [INFO] controller: Engine stopped
2026-01-16 08:53:21,378 [DEBUG] controller: Toggle requested
2026-01-16 08:53:21,379 [INFO] engine: Engine thread starting
2026-01-16 08:53:21,380 [INFO] controller: Engine started
2026-01-16 08:53:27,058 [DEBUG] controller: Toggle requested
2026-01-16 08:53:27,058 [INFO] engine: Stopping engine
2026-01-16 08:53:27,059 [INFO] controller: Engine stopped
2026-01-16 08:53:28,586 [DEBUG] controller: Toggle requested
2026-01-16 08:53:28,587 [INFO] engine: Engine thread starting
2026-01-16 08:53:28,590 [INFO] controller: Engine started
2026-01-16 08:53:32,234 [DEBUG] controller: Toggle requested
2026-01-16 08:53:32,235 [INFO] engine: Stopping engine
2026-01-16 08:53:32,236 [INFO] controller: Engine stopped
2026-01-16 08:53:38,279 [DEBUG] controller: Toggle requested
2026-01-16 08:53:38,280 [INFO] engine: Engine thread starting
2026-01-16 08:53:38,281 [INFO] controller: Engine started
2026-01-16 09:31:20,176 [DEBUG] controller: Toggle requested
2026-01-16 09:31:20,176 [INFO] engine: Stopping engine
2026-01-16 09:31:20,178 [INFO] controller: Engine stopped
2026-01-16 09:31:29,422 [DEBUG] controller: Toggle requested
2026-01-16 09:31:29,423 [INFO] engine: Engine thread starting
2026-01-16 09:31:29,426 [INFO] controller: Engine started
2026-01-16 09:35:41,456 [DEBUG] controller: Toggle requested
2026-01-16 09:35:41,457 [INFO] engine: Stopping engine
2026-01-16 09:35:41,458 [INFO] controller: Engine stopped
2026-01-16 09:36:00,029 [DEBUG] controller: Toggle requested
2026-01-16 09:36:00,029 [INFO] engine: Engine thread starting
2026-01-16 09:36:00,031 [INFO] controller: Engine started
2026-01-16 09:36:00,538 [DEBUG] controller: Toggle requested
2026-01-16 09:36:00,538 [INFO] engine: Stopping engine
2026-01-16 09:36:00,545 [INFO] controller: Engine stopped
2026-01-16 09:36:06,289 [DEBUG] controller: Toggle requested
2026-01-16 09:36:06,290 [INFO] engine: Engine thread starting
2026-01-16 09:36:06,291 [INFO] controller: Engine started
2026-01-16 09:41:48,948 [DEBUG] controller: Toggle requested
2026-01-16 09:41:48,948 [INFO] engine: Stopping engine
2026-01-16 09:41:48,954 [INFO] controller: Engine stopped
2026-01-16 09:41:59,962 [DEBUG] controller: Toggle requested
2026-01-16 09:41:59,963 [INFO] engine: Engine thread starting
2026-01-16 09:41:59,964 [INFO] controller: Engine started
2026-01-16 11:39:35,681 [DEBUG] controller: Toggle requested
2026-01-16 11:39:35,682 [INFO] engine: Stopping engine
2026-01-16 11:39:35,684 [INFO] controller: Engine stopped
2026-01-16 11:39:37,657 [DEBUG] controller: Toggle requested
2026-01-16 11:39:37,661 [INFO] engine: Engine thread starting
2026-01-16 11:39:37,664 [INFO] controller: Engine started
2026-01-16 11:39:37,879 [DEBUG] controller: Toggle requested
2026-01-16 11:39:37,879 [INFO] engine: Stopping engine
2026-01-16 11:39:37,881 [INFO] controller: Engine stopped
2026-01-16 11:39:38,054 [DEBUG] controller: Toggle requested
2026-01-16 11:39:38,055 [INFO] engine: Engine thread starting
2026-01-16 11:39:38,056 [INFO] controller: Engine started
2026-01-16 11:39:43,280 [DEBUG] controller: Toggle requested
2026-01-16 11:39:43,280 [INFO] engine: Stopping engine
2026-01-16 11:39:43,281 [INFO] controller: Engine stopped
2026-01-16 11:39:51,052 [WARNING] controller: Kill switch triggered
2026-01-16 11:39:51,052 [INFO] hotkeys: Hotkeys stopped
2026-01-16 11:39:51,053 [DEBUG] engine: Stop ignored: not running
2026-01-16 11:41:58,144 [INFO] startup: OS: Windows-11-10.0.26200-SP0
2026-01-16 11:41:58,144 [INFO] startup: Python: 3.13.1 (tags/v3.13.1:0671451, Dec  3 2024, 19:06:28) [MSC v.1942 64 bit (AMD64)]
2026-01-16 11:41:58,189 [INFO] main: Application starting
2026-01-16 11:41:58,189 [INFO] config: Loading profile: default
2026-01-16 11:41:58,191 [DEBUG] config: Profile written: default.json
2026-01-16 11:41:58,218 [INFO] hotkeys: Hotkeys started
2026-01-16 11:41:58,617 [INFO] main: UI shown
2026-01-16 11:42:12,974 [DEBUG] controller: Toggle requested
2026-01-16 11:42:12,974 [INFO] engine: Engine thread starting
2026-01-16 11:42:12,975 [INFO] controller: Engine started
2026-01-16 11:42:27,225 [DEBUG] controller: Toggle requested
2026-01-16 11:42:27,226 [INFO] engine: Stopping engine
2026-01-16 11:42:27,227 [INFO] controller: Engine stopped
2026-01-16 11:42:43,575 [DEBUG] controller: Toggle requested
2026-01-16 11:42:43,576 [INFO] engine: Engine thread starting
2026-01-16 11:42:43,577 [INFO] controller: Engine started
2026-01-16 11:42:46,221 [DEBUG] controller: Toggle requested
2026-01-16 11:42:46,222 [INFO] engine: Stopping engine
2026-01-16 11:42:46,223 [INFO] controller: Engine stopped
2026-01-16 11:43:34,680 [DEBUG] controller: Toggle requested
2026-01-16 11:43:34,680 [INFO] engine: Engine thread starting
2026-01-16 11:43:34,681 [INFO] controller: Engine started
2026-01-16 11:43:49,886 [DEBUG] controller: Toggle requested
2026-01-16 11:43:49,886 [INFO] engine: Stopping engine
2026-01-16 11:43:49,899 [INFO] controller: Engine stopped
2026-01-16 11:43:55,731 [DEBUG] controller: Toggle requested
2026-01-16 11:43:55,731 [INFO] engine: Engine thread starting
2026-01-16 11:43:55,734 [INFO] controller: Engine started
2026-01-16 11:43:56,841 [DEBUG] controller: Toggle requested
2026-01-16 11:43:56,841 [INFO] engine: Stopping engine
2026-01-16 11:43:56,852 [INFO] controller: Engine stopped
2026-01-16 11:44:02,440 [DEBUG] controller: Toggle requested
2026-01-16 11:44:02,441 [INFO] engine: Engine thread starting
2026-01-16 11:44:02,443 [INFO] controller: Engine started
2026-01-16 11:55:13,053 [DEBUG] controller: Toggle requested
2026-01-16 11:55:13,053 [INFO] engine: Stopping engine
2026-01-16 11:55:13,054 [INFO] controller: Engine stopped
2026-01-16 11:55:19,998 [DEBUG] controller: Toggle requested
2026-01-16 11:55:20,000 [INFO] engine: Engine thread starting
2026-01-16 11:55:20,001 [INFO] controller: Engine started
2026-01-16 11:55:21,103 [DEBUG] controller: Toggle requested
2026-01-16 11:55:21,103 [INFO] engine: Stopping engine
2026-01-16 11:55:21,115 [INFO] controller: Engine stopped
2026-01-16 11:55:28,047 [DEBUG] controller: Toggle requested
2026-01-16 11:55:28,048 [INFO] engine: Engine thread starting
2026-01-16 11:55:28,049 [INFO] controller: Engine started
2026-01-16 11:56:34,550 [DEBUG] controller: Toggle requested
2026-01-16 11:56:34,550 [INFO] engine: Stopping engine
2026-01-16 11:56:34,551 [INFO] controller: Engine stopped
